<?xml version="1.0" encoding="UTF-8"?>
<!-- Generated by org.testng.reporters.JUnitReportReporter -->
<testsuite skipped="0" hostname="Dell" name="testngcase.Testcase1" tests="2" failures="0" timestamp="2021-09-09T09:21:15 IST" time="0.033" errors="0">
  <testcase name="LoginTest" time="0.032" classname="testngcase.Testcase1"/>
  <system-out/>
  <testcase name="UserTest" time="0.001" classname="testngcase.Testcase1"/>
  <system-out/>
</testsuite> <!-- testngcase.Testcase1 -->
